[15:46:04] [Server thread/INFO]: Starting minecraft server version 1.7.10
[15:46:04] [Server thread/WARN]: To start the server with more ram, launch it as "java -Xmx1024M -Xms1024M -jar minecraft_server.jar"
[15:46:04] [Server thread/INFO]: Loading properties
[15:46:04] [Server thread/INFO]: Default game type: SURVIVAL
[15:46:04] [Server thread/INFO]: Generating keypair
[15:46:05] [Server thread/INFO]: Starting Minecraft server on *:25565
[15:46:06] [Server thread/WARN]: Failed to load user banlist: 
java.io.FileNotFoundException: banned-players.json (No such file or directory)
	at java.base/java.io.FileInputStream.open0(Native Method) ~[?:?]
	at java.base/java.io.FileInputStream.open(FileInputStream.java:216) ~[?:?]
	at java.base/java.io.FileInputStream.<init>(FileInputStream.java:157) ~[?:?]
	at com.google.common.io.Files.newReader(Files.java:86) ~[server.jar:?]
	at om.g(SourceFile:124) ~[server.jar:?]
	at ls.y(SourceFile:99) [server.jar:?]
	at ls.<init>(SourceFile:25) [server.jar:?]
	at lt.e(SourceFile:166) [server.jar:?]
	at net.minecraft.server.MinecraftServer.run(SourceFile:339) [server.jar:?]
	at lj.run(SourceFile:628) [server.jar:?]
[15:46:06] [Server thread/WARN]: Failed to load ip banlist: 
java.io.FileNotFoundException: banned-ips.json (No such file or directory)
	at java.base/java.io.FileInputStream.open0(Native Method) ~[?:?]
	at java.base/java.io.FileInputStream.open(FileInputStream.java:216) ~[?:?]
	at java.base/java.io.FileInputStream.<init>(FileInputStream.java:157) ~[?:?]
	at com.google.common.io.Files.newReader(Files.java:86) ~[server.jar:?]
	at om.g(SourceFile:124) ~[server.jar:?]
	at ls.x(SourceFile:91) [server.jar:?]
	at ls.<init>(SourceFile:27) [server.jar:?]
	at lt.e(SourceFile:166) [server.jar:?]
	at net.minecraft.server.MinecraftServer.run(SourceFile:339) [server.jar:?]
	at lj.run(SourceFile:628) [server.jar:?]
[15:46:06] [Server thread/WARN]: Failed to load operators list: 
java.io.FileNotFoundException: ops.json (No such file or directory)
	at java.base/java.io.FileInputStream.open0(Native Method) ~[?:?]
	at java.base/java.io.FileInputStream.open(FileInputStream.java:216) ~[?:?]
	at java.base/java.io.FileInputStream.<init>(FileInputStream.java:157) ~[?:?]
	at com.google.common.io.Files.newReader(Files.java:86) ~[server.jar:?]
	at om.g(SourceFile:124) ~[server.jar:?]
	at ls.z(SourceFile:107) [server.jar:?]
	at ls.<init>(SourceFile:29) [server.jar:?]
	at lt.e(SourceFile:166) [server.jar:?]
	at net.minecraft.server.MinecraftServer.run(SourceFile:339) [server.jar:?]
	at lj.run(SourceFile:628) [server.jar:?]
[15:46:06] [Server thread/WARN]: Failed to load white-list: 
java.io.FileNotFoundException: whitelist.json (No such file or directory)
	at java.base/java.io.FileInputStream.open0(Native Method) ~[?:?]
	at java.base/java.io.FileInputStream.open(FileInputStream.java:216) ~[?:?]
	at java.base/java.io.FileInputStream.<init>(FileInputStream.java:157) ~[?:?]
	at com.google.common.io.Files.newReader(Files.java:86) ~[server.jar:?]
	at om.g(SourceFile:124) ~[server.jar:?]
	at ls.B(SourceFile:123) [server.jar:?]
	at ls.<init>(SourceFile:30) [server.jar:?]
	at lt.e(SourceFile:166) [server.jar:?]
	at net.minecraft.server.MinecraftServer.run(SourceFile:339) [server.jar:?]
	at lj.run(SourceFile:628) [server.jar:?]
[15:46:06] [Server thread/INFO]: Preparing level "world"
[15:46:07] [Server thread/INFO]: Preparing start region for level 0
[15:46:08] [Server thread/INFO]: Preparing spawn area: 1%
[15:46:09] [Server thread/INFO]: Preparing spawn area: 3%
[15:46:10] [Server thread/INFO]: Preparing spawn area: 4%
[15:46:11] [Server thread/INFO]: Preparing spawn area: 6%
[15:46:12] [Server thread/INFO]: Preparing spawn area: 7%
[15:46:13] [Server thread/INFO]: Preparing spawn area: 8%
[15:46:14] [Server thread/INFO]: Preparing spawn area: 9%
[15:46:16] [Server thread/INFO]: Preparing spawn area: 11%
[15:46:17] [Server thread/INFO]: Preparing spawn area: 12%
[15:46:18] [Server thread/INFO]: Preparing spawn area: 14%
[15:46:19] [Server thread/INFO]: Preparing spawn area: 16%
[15:46:20] [Server thread/INFO]: Preparing spawn area: 18%
[15:46:21] [Server thread/INFO]: Preparing spawn area: 20%
[15:46:22] [Server thread/INFO]: Preparing spawn area: 23%
[15:46:23] [Server thread/INFO]: Preparing spawn area: 25%
[15:46:24] [Server thread/INFO]: Preparing spawn area: 28%
[15:46:25] [Server thread/INFO]: Preparing spawn area: 30%
[15:46:26] [Server thread/INFO]: Preparing spawn area: 32%
[15:46:27] [Server thread/INFO]: Preparing spawn area: 34%
[15:46:28] [Server thread/INFO]: Preparing spawn area: 37%
[15:46:29] [Server thread/INFO]: Preparing spawn area: 39%
[15:46:30] [Server thread/INFO]: Preparing spawn area: 41%
[15:46:31] [Server thread/INFO]: Preparing spawn area: 44%
[15:46:32] [Server thread/INFO]: Preparing spawn area: 47%
[15:46:33] [Server thread/INFO]: Preparing spawn area: 49%
[15:46:34] [Server thread/INFO]: Preparing spawn area: 52%
[15:46:35] [Server thread/INFO]: Preparing spawn area: 54%
[15:46:37] [Server thread/INFO]: Preparing spawn area: 57%
[15:46:38] [Server thread/INFO]: Preparing spawn area: 59%
[15:46:39] [Server thread/INFO]: Preparing spawn area: 62%
[15:46:40] [Server thread/INFO]: Preparing spawn area: 65%
[15:46:41] [Server thread/INFO]: Preparing spawn area: 67%
[15:46:42] [Server thread/INFO]: Preparing spawn area: 70%
[15:46:43] [Server thread/INFO]: Preparing spawn area: 73%
[15:46:44] [Server thread/INFO]: Preparing spawn area: 75%
[15:46:45] [Server thread/INFO]: Preparing spawn area: 79%
[15:46:46] [Server thread/INFO]: Preparing spawn area: 82%
[15:46:47] [Server thread/INFO]: Preparing spawn area: 86%
[15:46:48] [Server thread/INFO]: Preparing spawn area: 89%
[15:46:49] [Server thread/INFO]: Preparing spawn area: 93%
[15:46:50] [Server thread/INFO]: Preparing spawn area: 96%
[15:46:51] [Server thread/INFO]: Preparing spawn area: 99%
[15:46:51] [Server thread/INFO]: Done (45.707s)! For help, type "help" or "?"
[15:47:05] [Server thread/INFO]: --- Showing help page 1 of 7 (/help <page>) ---
[15:47:05] [Server thread/INFO]: /achievement give <stat_name> [player]
[15:47:05] [Server thread/INFO]: /ban <name> [reason ...]
[15:47:05] [Server thread/INFO]: /ban-ip <address|name> [reason ...]
[15:47:05] [Server thread/INFO]: /banlist [ips|players]
[15:47:05] [Server thread/INFO]: /clear <player> [item] [data]
[15:47:05] [Server thread/INFO]: /debug <start|stop>
[15:47:05] [Server thread/INFO]: /defaultgamemode <mode>
[15:47:30] [User Authenticator #1/INFO]: UUID of player wimpy_fan2001 is cf672272-787b-4eae-a2f3-64f7416f8d77
[15:47:30] [Server thread/INFO]: wimpy_fan2001[/192.168.2.3:56202] logged in with entity id 1505 at (260.5, 70.0, 131.5)
[15:47:30] [Server thread/INFO]: wimpy_fan2001 joined the game
[15:47:34] [Server thread/INFO]: wimpy_fan2001 has just earned the achievement [Taking Inventory]
[15:47:34] [Server thread/WARN]: Can't keep up! Did the system time change, or is the server overloaded? Running 3849ms behind, skipping 76 tick(s)
[15:47:47] [Server thread/INFO]: wimpy_fan2001 lost connection: TextComponent{text='Disconnected', siblings=[], style=Style{hasParent=false, color=null, bold=null, italic=null, underlined=null, obfuscated=null, clickEvent=null, hoverEvent=null}}
[15:47:47] [Server thread/INFO]: wimpy_fan2001 left the game
[15:47:48] [Server thread/WARN]: Can't keep up! Did the system time change, or is the server overloaded? Running 2148ms behind, skipping 42 tick(s)
[15:47:51] [Server thread/INFO]: Stopping the server
[15:47:51] [Server thread/INFO]: Stopping server
[15:47:51] [Server thread/INFO]: Saving players
[15:47:51] [Server thread/INFO]: Saving worlds
[15:47:51] [Server thread/INFO]: Saving chunks for level 'world'/Overworld
[15:47:51] [Server thread/INFO]: Saving chunks for level 'world'/Nether
[15:47:51] [Server thread/INFO]: Saving chunks for level 'world'/The End
[15:47:53] [Server Shutdown Thread/INFO]: Stopping server
